<?xml version="1.0" encoding="UTF-8"?>
<!-- Generated by org.testng.reporters.JUnitReportReporter -->
<testsuite hostname="Admin" failures="0" tests="1" name="com.testcases.Scenario1" time="46.926" errors="0" timestamp="2023-09-09T11:08:17 IST" skipped="0">
  <testcase classname="com.testcases.Scenario1" name="filterSenario" time="46.926"/>
</testsuite> <!-- com.testcases.Scenario1 -->
