<?xml version="1.0" encoding="UTF-8"?>
<!-- Generated by org.testng.reporters.JUnitReportReporter -->
<testsuite hostname="Admin" failures="0" tests="1" name="com.testcases.Scenario2" time="23.333" errors="0" timestamp="2023-09-09T11:08:17 IST" skipped="0">
  <testcase classname="com.testcases.Scenario2" name="productSearch" time="23.333"/>
</testsuite> <!-- com.testcases.Scenario2 -->
