<?xml version="1.0" encoding="UTF-8"?>
<!-- Generated by org.testng.reporters.JUnitReportReporter -->
<testsuite hostname="Admin" failures="0" tests="1" name="com.testcases.Senario1" time="46.641" errors="0" timestamp="2023-09-09T11:03:24 IST" skipped="0">
  <testcase classname="com.testcases.Senario1" name="filterSenario" time="46.641"/>
</testsuite> <!-- com.testcases.Senario1 -->
