<?xml version="1.0" encoding="UTF-8"?>
<!-- Generated by org.testng.reporters.JUnitReportReporter -->
<testsuite hostname="Admin" failures="0" tests="1" name="com.testcases.Senario2" time="23.663" errors="0" timestamp="2023-09-09T11:03:24 IST" skipped="0">
  <testcase classname="com.testcases.Senario2" name="productSearch" time="23.663"/>
</testsuite> <!-- com.testcases.Senario2 -->
