<?xml version="1.0" encoding="UTF-8"?>
<!-- Generated by org.testng.reporters.JUnitReportReporter -->
<testsuite hostname="Admin" failures="0" tests="1" name="CermatiTest1.CermatiTest1.Senario1" time="0.004" errors="0" timestamp="2023-09-08T14:27:29 IST" skipped="0">
  <testcase classname="CermatiTest1.CermatiTest1.Senario1" name="filterSenario" time="0.004"/>
</testsuite> <!-- CermatiTest1.CermatiTest1.Senario1 -->
